03.11.2021 10:38:48 sql=[SELECT  COUNT(*) FROM users WHERE username = '' AND PASSWORD = ''] 
03.11.2021 10:39:53 sql=[SELECT  COUNT(*) FROM users WHERE username = '' AND PASSWORD = ''] 
03.11.2021 10:40:28 sql=[SELECT  COUNT(*) FROM users WHERE username = '' AND PASSWORD = ''] 
03.11.2021 10:40:29 sql=[SELECT  COUNT(*) FROM users WHERE username = '' AND PASSWORD = ''] 
03.11.2021 10:42:17 sql=[SELECT  COUNT(*) FROM users WHERE username = '' AND PASSWORD = ''] 
03.11.2021 10:42:20 sql=[SELECT  COUNT(*) FROM users WHERE username = 'admin' AND PASSWORD = 'admin'] 
03.11.2021 10:42:39 sql=[SELECT  COUNT(*) FROM users WHERE username = '' AND PASSWORD = ''] 
03.11.2021 10:42:40 sql=[SELECT  COUNT(*) FROM users WHERE username = '' AND PASSWORD = ''] 
03.11.2021 10:42:49 sql=[SELECT  COUNT(*) FROM users WHERE username = 'admin' AND PASSWORD = 'admin1'] 
03.11.2021 10:42:56 sql=[SELECT  COUNT(*) FROM users WHERE username = 'admin' AND PASSWORD = 'admin123'] 
03.11.2021 10:43:24 sql=[SELECT  COUNT(*) FROM users WHERE username = 'admin' AND PASSWORD = 'admin123'] 
03.11.2021 10:43:36 sql=[SELECT  COUNT(*) FROM users WHERE username = 'admin' AND PASSWORD = 'admin123'] 
03.11.2021 10:45:48 sql=[SELECT COUNT(*) FROM users WHERE username = '' AND PASSWORD = ''] 
03.11.2021 10:46:01 sql=[SELECT COUNT(*) FROM users WHERE username = 'admin' AND PASSWORD = 'admin123'] 
03.11.2021 10:46:05 sql=[SELECT COUNT(*) FROM users WHERE username = '' AND PASSWORD = ''] 
03.11.2021 10:46:06 sql=[SELECT COUNT(*) FROM users WHERE username = '' AND PASSWORD = ''] 
03.11.2021 10:46:24 sql=[SELECT COUNT(*) FROM users WHERE username = '' AND PASSWORD = ''] 
03.11.2021 10:46:27 sql=[SELECT COUNT(*) FROM users WHERE username = 'admin' AND PASSWORD = 'admin'] 
03.11.2021 10:47:23 sql=[SELECT COUNT(*) FROM users WHERE username = 'admin' AND PASSWORD = 'admin123'] 
03.11.2021 10:47:46 sql=[SELECT COUNT(*) FROM users WHERE username = '' AND PASSWORD = ''] 
03.11.2021 10:47:49 sql=[SELECT COUNT(*) FROM users WHERE username = 'admin' AND PASSWORD = 'admin123'] 
03.11.2021 10:47:51 sql=[SELECT COUNT(*) FROM users WHERE username = '' AND PASSWORD = ''] 
03.11.2021 10:48:32 sql=[SELECT COUNT(*) FROM users WHERE username = 'admin1' AND PASSWORD = 'admin123'] 
03.11.2021 10:48:47 sql=[SELECT COUNT(*) FROM users WHERE username = 'admin' AND PASSWORD = 'admin123'] 
03.11.2021 10:48:52 sql=[SELECT COUNT(*) FROM users WHERE username = '' AND PASSWORD = ''] 
03.11.2021 10:49:08 sql=[SELECT COUNT(*) FROM users WHERE username = '' AND PASSWORD = ''] 
03.11.2021 10:49:21 sql=[SELECT COUNT(*) FROM users WHERE username = '' AND PASSWORD = ''] 
03.11.2021 10:49:32 sql=[SELECT COUNT(*) FROM users WHERE username = '' AND PASSWORD = ''] 
03.11.2021 10:49:43 sql=[SELECT COUNT(*) FROM users WHERE username = '' AND PASSWORD = ''] 
03.11.2021 10:49:47 sql=[SELECT COUNT(*) FROM users WHERE username = '' AND PASSWORD = ''] 
03.11.2021 10:49:49 sql=[SELECT COUNT(*) FROM users WHERE username = 'admin' AND PASSWORD = 'admin123'] 
03.11.2021 10:49:51 sql=[SELECT COUNT(*) FROM users WHERE username = '' AND PASSWORD = ''] 
03.11.2021 10:49:55 sql=[SELECT COUNT(*) FROM users WHERE username = 'admin' AND PASSWORD = 'admin1231'] 
03.11.2021 10:50:21 sql=[SELECT COUNT(*) FROM users WHERE username = '' AND PASSWORD = ''] 
03.11.2021 10:50:34 sql=[SELECT COUNT(*) FROM users WHERE username = 'admin' AND PASSWORD = 'admin1237'] 
03.11.2021 10:50:48 sql=[SELECT COUNT(*) FROM users WHERE username = 'admin1' AND PASSWORD = 'admin123'] 
03.11.2021 10:51:01 sql=[SELECT COUNT(*) FROM users WHERE username = '' AND PASSWORD = ''] 
03.11.2021 10:51:05 sql=[SELECT COUNT(*) FROM users WHERE username = 'admin' AND PASSWORD = 'admin1231'] 
03.11.2021 10:51:20 sql=[SELECT COUNT(*) FROM users WHERE username = '' AND PASSWORD = ''] 
03.11.2021 10:51:24 sql=[SELECT COUNT(*) FROM users WHERE username = 'admin' AND PASSWORD = 'admin1231'] 
03.11.2021 10:52:44 sql=[SELECT COUNT(*) FROM users WHERE username = '' AND PASSWORD = ''] 
03.11.2021 10:54:03 sql=[SELECT COUNT(*) FROM users WHERE username = 'admin' AND PASSWORD = 'admin123'] 
03.11.2021 10:54:06 sql=[SELECT COUNT(*) FROM users WHERE username = '' AND PASSWORD = ''] 
03.11.2021 10:56:04 sql=[SELECT COUNT(*) FROM users WHERE username = '' AND PASSWORD = ''] 
03.11.2021 10:56:08 sql=[SELECT COUNT(*) FROM users WHERE username = 'admin' AND PASSWORD = 'admin123'] 
03.11.2021 10:56:11 sql=[SELECT COUNT(*) FROM users WHERE username = '' AND PASSWORD = ''] 
03.11.2021 10:57:16 sql=[SELECT COUNT(*) FROM users WHERE username = '' AND PASSWORD = ''] 
03.11.2021 10:57:28 sql=[SELECT COUNT(*) FROM users WHERE username = 'admin' AND PASSWORD = 'admin123'] 
03.11.2021 10:57:30 sql=[SELECT COUNT(*) FROM users WHERE username = '' AND PASSWORD = ''] 
03.11.2021 10:57:30 sql=[SELECT COUNT(*) FROM users WHERE username = '' AND PASSWORD = ''] 
03.11.2021 10:58:24 sql=[SELECT COUNT(*) FROM users WHERE username = 'admin' AND PASSWORD = 'admin123'] 
03.11.2021 10:58:29 sql=[SELECT COUNT(*) FROM users WHERE username = '' AND PASSWORD = ''] 
03.11.2021 02:17:12 sql=[SELECT COUNT(*) FROM users WHERE username = '' AND PASSWORD = ''] 
03.11.2021 02:17:17 sql=[SELECT COUNT(*) FROM users WHERE username = '' AND PASSWORD = ''] 
03.11.2021 02:21:01 sql=[SELECT COUNT(*) FROM users WHERE username = '' AND PASSWORD = ''] 
03.11.2021 02:21:07 sql=[SELECT COUNT(*) FROM users WHERE username = 'admin' AND PASSWORD = 'admin123'] 
03.11.2021 02:24:33 sql=[SELECT COUNT(*) FROM users WHERE username = '' AND PASSWORD = ''] 
03.11.2021 03:25:28 sql=[SELECT COUNT(*) FROM users WHERE username = '' AND PASSWORD = ''] 
03.11.2021 03:25:35 sql=[SELECT COUNT(*) FROM users WHERE username = 'admin' AND PASSWORD = 'admin123'] 
03.11.2021 03:35:07 sql=[SELECT COUNT(*) FROM users WHERE username = '' AND PASSWORD = ''] 
03.11.2021 03:35:10 sql=[SELECT COUNT(*) FROM users WHERE username = '' AND PASSWORD = ''] 
03.11.2021 03:40:30 sql=[SELECT COUNT(*) FROM users WHERE username = '' AND PASSWORD = ''] 
03.11.2021 03:40:35 sql=[SELECT COUNT(*) FROM users WHERE username = 'admin' AND PASSWORD = 'admin123'] 
03.11.2021 04:25:34 sql=[SELECT COUNT(*) FROM users WHERE username = '' AND PASSWORD = ''] 
03.11.2021 04:25:39 sql=[SELECT COUNT(*) FROM users WHERE username = 'admin' AND PASSWORD = 'admin123'] 
04.11.2021 09:16:49 sql=[SELECT COUNT(*) FROM users WHERE username = '' AND PASSWORD = ''] 
04.11.2021 09:17:27 sql=[SELECT COUNT(*) FROM users WHERE username = 'admin' AND PASSWORD = 'admin123'] 
04.11.2021 04:11:39 sql=[SELECT COUNT(*) FROM users WHERE username = '' AND PASSWORD = ''] 
04.11.2021 04:11:48 sql=[SELECT COUNT(*) FROM users WHERE username = 'admin' AND PASSWORD = '1'] 
04.11.2021 04:12:34 sql=[SELECT COUNT(*) FROM users WHERE username = 'admin' AND PASSWORD = 'admin123'] 
04.11.2021 04:12:47 sql=[SELECT COUNT(*) FROM users WHERE username = '' AND PASSWORD = ''] 
04.11.2021 04:12:55 sql=[SELECT COUNT(*) FROM users WHERE username = '' AND PASSWORD = ''] 
04.11.2021 04:14:33 sql=[SELECT COUNT(*) FROM users WHERE username = '' AND PASSWORD = ''] 
04.11.2021 04:17:57 sql=[SELECT COUNT(*) FROM users WHERE username = '' AND PASSWORD = ''] 
04.11.2021 04:18:59 sql=[SELECT COUNT(*) FROM users WHERE username = '' AND PASSWORD = ''] 
04.11.2021 04:19:38 sql=[SELECT COUNT(*) FROM users WHERE username = '' AND PASSWORD = ''] 
04.11.2021 04:20:45 sql=[SELECT COUNT(*) FROM users WHERE username = '' AND PASSWORD = ''] 
04.11.2021 04:21:20 sql=[SELECT COUNT(*) FROM users WHERE username = '' AND PASSWORD = ''] 
04.11.2021 04:21:35 sql=[SELECT COUNT(*) FROM users WHERE username = '' AND PASSWORD = ''] 
04.11.2021 04:21:43 sql=[SELECT COUNT(*) FROM users WHERE username = '' AND PASSWORD = ''] 
04.11.2021 04:22:23 sql=[SELECT COUNT(*) FROM users WHERE username = 'admin' AND PASSWORD = 'admin123'] 
05.11.2021 10:35:26 sql=[SELECT COUNT(*) FROM users WHERE username = '' AND PASSWORD = ''] 
05.11.2021 10:35:42 sql=[SELECT COUNT(*) FROM users WHERE username = '' AND PASSWORD = ''] 
05.11.2021 10:35:46 sql=[SELECT COUNT(*) FROM users WHERE username = 'admin' AND PASSWORD = 'admin123'] 
05.11.2021 10:38:07 sql=[SELECT COUNT(*) FROM users WHERE username = '' AND PASSWORD = ''] 
05.11.2021 02:44:43 sql=[SELECT COUNT(*) FROM users WHERE username = 'admin' AND PASSWORD = '1'] 
05.11.2021 02:44:53 sql=[SELECT COUNT(*) FROM users WHERE username = 'admin' AND PASSWORD = 'admin123'] 
05.11.2021 04:06:35 sql=[SELECT COUNT(*) FROM users WHERE username = '' AND PASSWORD = ''] 
05.11.2021 04:06:47 sql=[SELECT COUNT(*) FROM users WHERE username = '' AND PASSWORD = ''] 
05.11.2021 04:06:55 sql=[SELECT COUNT(*) FROM users WHERE username = '' AND PASSWORD = ''] 
05.11.2021 04:07:17 sql=[SELECT COUNT(*) FROM users WHERE username = 'admin' AND PASSWORD = 'admin123'] 
05.11.2021 04:17:49 sql=[SELECT COUNT(*) FROM users WHERE username = '' AND PASSWORD = ''] 
05.11.2021 04:17:59 sql=[SELECT COUNT(*) FROM users WHERE username = '' AND PASSWORD = ''] 
05.11.2021 04:21:38 sql=[SELECT COUNT(*) FROM users WHERE username = 'admin' AND PASSWORD = 'admin123'] 
09.11.2021 04:54:08 sql=[SELECT COUNT(*) FROM users WHERE username = '' AND PASSWORD = ''] 
09.11.2021 04:54:13 sql=[SELECT COUNT(*) FROM users WHERE username = 'admin' AND PASSWORD = 'admin123'] 
10.11.2021 02:33:07 sql=[SELECT COUNT(*) FROM users WHERE username = '' AND PASSWORD = ''] 
10.11.2021 02:33:11 sql=[SELECT COUNT(*) FROM users WHERE username = '' AND PASSWORD = ''] 
10.11.2021 02:33:15 sql=[SELECT COUNT(*) FROM users WHERE username = '' AND PASSWORD = ''] 
10.11.2021 02:33:26 sql=[SELECT COUNT(*) FROM users WHERE username = 'admin' AND PASSWORD = 'admin123'] 
10.11.2021 03:45:25 sql=[SELECT COUNT(*) FROM users WHERE username = '' AND PASSWORD = ''] 
10.11.2021 03:45:30 sql=[SELECT COUNT(*) FROM users WHERE username = 'admin' AND PASSWORD = 'admin123'] 
11.11.2021 07:12:42 sql=[SELECT COUNT(*) FROM users WHERE username = '' AND PASSWORD = ''] 
11.11.2021 07:12:42 sql=[SELECT COUNT(*) FROM users WHERE username = '' AND PASSWORD = ''] 
11.11.2021 07:12:48 sql=[SELECT COUNT(*) FROM users WHERE username = 'admin' AND PASSWORD = 'admin123'] 
11.11.2021 07:20:53 sql=[SELECT COUNT(*) FROM users WHERE username = '' AND PASSWORD = ''] 
11.11.2021 07:20:56 sql=[SELECT COUNT(*) FROM users WHERE username = '' AND PASSWORD = ''] 
11.11.2021 07:21:00 sql=[SELECT COUNT(*) FROM users WHERE username = 'admin' AND PASSWORD = 'admin123'] 
11.11.2021 07:21:02 sql=[SELECT COUNT(*) FROM users WHERE username = '' AND PASSWORD = ''] 
11.11.2021 07:27:18 sql=[SELECT COUNT(*) FROM users WHERE username = '' AND PASSWORD = ''] 
11.11.2021 07:27:18 sql=[select * from room_category ] 
11.11.2021 07:30:53 sql=[SELECT COUNT(*) FROM users WHERE username = '' AND PASSWORD = ''] 
11.11.2021 07:30:53 sql=[select * from room_category ] 
11.11.2021 07:31:06 sql=[SELECT COUNT(*) FROM users WHERE username = '' AND PASSWORD = ''] 
11.11.2021 07:31:06 sql=[select * from room_category ] 
11.11.2021 07:31:38 sql=[SELECT COUNT(*) FROM users WHERE username = '' AND PASSWORD = ''] 
11.11.2021 07:31:38 sql=[select * from room_category ] 
11.11.2021 07:31:46 sql=[SELECT COUNT(*) FROM users WHERE username = '' AND PASSWORD = ''] 
11.11.2021 07:31:46 sql=[select * from room_category ] 
11.11.2021 07:39:33 sql=[SELECT COUNT(*) FROM users WHERE username = '' AND PASSWORD = ''] 
11.11.2021 07:39:33 sql=[select * from room_category ] 
11.11.2021 08:20:41 sql=[SELECT COUNT(*) FROM users WHERE username = '' AND PASSWORD = ''] 
11.11.2021 08:20:41 sql=[select * from room_category ] 
11.11.2021 08:20:51 sql=[SELECT COUNT(*) FROM users WHERE username = '' AND PASSWORD = ''] 
11.11.2021 08:20:51 sql=[select * from room_category ] 
11.11.2021 08:21:07 sql=[SELECT COUNT(*) FROM users WHERE username = '' AND PASSWORD = ''] 
11.11.2021 08:21:07 sql=[select * from room_category ] 
11.11.2021 08:22:15 sql=[SELECT COUNT(*) FROM users WHERE username = '' AND PASSWORD = ''] 
11.11.2021 08:22:15 sql=[select * from room_category ] 
11.11.2021 08:23:23 sql=[SELECT COUNT(*) FROM users WHERE username = '' AND PASSWORD = ''] 
11.11.2021 08:23:23 sql=[select * from room_category ] 
11.11.2021 08:23:42 sql=[SELECT COUNT(*) FROM users WHERE username = '' AND PASSWORD = ''] 
11.11.2021 08:23:42 sql=[select * from room_category ] 
11.11.2021 08:24:32 sql=[SELECT COUNT(*) FROM users WHERE username = '' AND PASSWORD = ''] 
11.11.2021 08:24:32 sql=[select * from room_category ] 
11.11.2021 08:25:46 sql=[SELECT COUNT(*) FROM users WHERE username = '' AND PASSWORD = ''] 
11.11.2021 08:25:46 sql=[select * from room_category ] 
11.11.2021 08:26:07 sql=[SELECT COUNT(*) FROM users WHERE username = '' AND PASSWORD = ''] 
11.11.2021 08:26:07 sql=[select * from room_category ] 
11.11.2021 08:26:30 sql=[SELECT COUNT(*) FROM users WHERE username = '' AND PASSWORD = ''] 
11.11.2021 08:26:30 sql=[select * from room_category ] 
11.11.2021 08:26:39 sql=[SELECT COUNT(*) FROM users WHERE username = '' AND PASSWORD = ''] 
11.11.2021 08:26:39 sql=[select * from room_category ] 
11.11.2021 08:27:12 sql=[SELECT COUNT(*) FROM users WHERE username = '' AND PASSWORD = ''] 
11.11.2021 08:27:12 sql=[select * from room_category ] 
11.11.2021 08:27:33 sql=[SELECT COUNT(*) FROM users WHERE username = '' AND PASSWORD = ''] 
11.11.2021 08:27:33 sql=[select * from room_category ] 
11.11.2021 08:27:57 sql=[SELECT COUNT(*) FROM users WHERE username = '' AND PASSWORD = ''] 
11.11.2021 08:27:57 sql=[select * from room_category ] 
11.11.2021 08:28:40 sql=[SELECT COUNT(*) FROM users WHERE username = '' AND PASSWORD = ''] 
11.11.2021 08:28:40 sql=[select * from room_category ] 
11.11.2021 08:28:51 sql=[SELECT COUNT(*) FROM users WHERE username = '' AND PASSWORD = ''] 
11.11.2021 08:28:51 sql=[select * from room_category ] 
11.11.2021 08:29:03 sql=[SELECT COUNT(*) FROM users WHERE username = '' AND PASSWORD = ''] 
11.11.2021 08:29:03 sql=[select * from room_category ] 
11.11.2021 08:30:18 sql=[SELECT COUNT(*) FROM users WHERE username = '' AND PASSWORD = ''] 
11.11.2021 08:30:18 sql=[select * from room_category ] 
11.11.2021 08:33:35 sql=[SELECT COUNT(*) FROM users WHERE username = '' AND PASSWORD = ''] 
11.11.2021 08:33:36 sql=[select * from room_category ] 
11.11.2021 08:35:20 sql=[SELECT COUNT(*) FROM users WHERE username = '' AND PASSWORD = ''] 
11.11.2021 08:35:20 sql=[select * from room_category ] 
11.11.2021 08:37:12 sql=[SELECT COUNT(*) FROM users WHERE username = '' AND PASSWORD = ''] 
11.11.2021 08:37:12 sql=[select * from room_category ] 
11.11.2021 08:38:12 sql=[SELECT COUNT(*) FROM users WHERE username = '' AND PASSWORD = ''] 
11.11.2021 08:38:12 sql=[select * from room_category ] 
11.11.2021 08:39:02 sql=[SELECT COUNT(*) FROM users WHERE username = '' AND PASSWORD = ''] 
11.11.2021 08:39:02 sql=[select * from room_category ] 
11.11.2021 08:39:23 sql=[SELECT COUNT(*) FROM users WHERE username = '' AND PASSWORD = ''] 
11.11.2021 08:39:23 sql=[select * from room_category ] 
11.11.2021 08:45:50 sql=[SELECT COUNT(*) FROM users WHERE username = '' AND PASSWORD = ''] 
11.11.2021 08:45:50 sql=[select * from room_category ] 
11.11.2021 08:48:51 sql=[SELECT COUNT(*) FROM users WHERE username = '' AND PASSWORD = ''] 
11.11.2021 08:48:51 sql=[select * from room_category ] 
11.11.2021 08:49:29 sql=[SELECT COUNT(*) FROM users WHERE username = '' AND PASSWORD = ''] 
11.11.2021 08:49:29 sql=[select * from room_category ] 
11.11.2021 08:50:43 sql=[SELECT COUNT(*) FROM users WHERE username = '' AND PASSWORD = ''] 
11.11.2021 08:50:43 sql=[select * from room_category ] 
11.11.2021 08:51:24 sql=[SELECT COUNT(*) FROM users WHERE username = '' AND PASSWORD = ''] 
11.11.2021 08:51:25 sql=[select * from room_category ] 
11.11.2021 08:52:45 sql=[SELECT COUNT(*) FROM users WHERE username = '' AND PASSWORD = ''] 
11.11.2021 08:52:45 sql=[select * from room_category ] 
11.11.2021 09:00:45 sql=[SELECT COUNT(*) FROM users WHERE username = '' AND PASSWORD = ''] 
11.11.2021 09:00:45 sql=[select * from room_category ] 
11.11.2021 09:13:21 sql=[SELECT COUNT(*) FROM users WHERE username = '' AND PASSWORD = ''] 
11.11.2021 09:13:21 sql=[select * from room_category ] 
11.11.2021 09:14:09 sql=[SELECT COUNT(*) FROM users WHERE username = '' AND PASSWORD = ''] 
11.11.2021 09:14:09 sql=[select * from room_category ] 
11.11.2021 09:14:28 sql=[SELECT COUNT(*) FROM users WHERE username = '' AND PASSWORD = ''] 
11.11.2021 09:14:28 sql=[select * from room_category ] 
11.11.2021 09:15:51 sql=[SELECT COUNT(*) FROM users WHERE username = '' AND PASSWORD = ''] 
11.11.2021 09:15:51 sql=[select * from room_category ] 
11.11.2021 09:16:38 sql=[SELECT COUNT(*) FROM users WHERE username = '' AND PASSWORD = ''] 
11.11.2021 09:16:38 sql=[select * from room_category ] 
11.11.2021 09:18:24 sql=[SELECT COUNT(*) FROM users WHERE username = '' AND PASSWORD = ''] 
11.11.2021 09:18:24 sql=[select * from room_category ] 
11.11.2021 09:21:51 sql=[SELECT COUNT(*) FROM users WHERE username = '' AND PASSWORD = ''] 
11.11.2021 09:21:51 sql=[select * from room_category ] 
11.11.2021 09:22:42 sql=[SELECT COUNT(*) FROM users WHERE username = '' AND PASSWORD = ''] 
11.11.2021 09:22:42 sql=[select * from room_category ] 
11.11.2021 09:23:03 sql=[SELECT COUNT(*) FROM users WHERE username = '' AND PASSWORD = ''] 
11.11.2021 09:23:03 sql=[select * from room_category ] 
11.11.2021 09:24:08 sql=[SELECT COUNT(*) FROM users WHERE username = '' AND PASSWORD = ''] 
11.11.2021 09:24:08 sql=[select * from room_category ] 
11.11.2021 09:24:27 sql=[SELECT COUNT(*) FROM users WHERE username = '' AND PASSWORD = ''] 
11.11.2021 09:24:27 sql=[select * from room_category ] 
11.11.2021 09:24:46 sql=[SELECT COUNT(*) FROM users WHERE username = '' AND PASSWORD = ''] 
11.11.2021 09:24:46 sql=[select * from room_category ] 
11.11.2021 09:29:15 sql=[SELECT COUNT(*) FROM users WHERE username = 'admin' AND PASSWORD = 'admin123'] 
11.11.2021 09:29:30 sql=[SELECT COUNT(*) FROM users WHERE username = '' AND PASSWORD = ''] 
11.11.2021 09:29:35 sql=[SELECT COUNT(*) FROM users WHERE username = '' AND PASSWORD = ''] 
11.11.2021 09:29:51 sql=[SELECT COUNT(*) FROM users WHERE username = '' AND PASSWORD = ''] 
11.11.2021 09:29:51 sql=[select * from room_category ] 
11.11.2021 09:31:41 sql=[SELECT COUNT(*) FROM users WHERE username = '' AND PASSWORD = ''] 
11.11.2021 09:31:41 sql=[select * from room_category ] 
11.11.2021 09:32:52 sql=[SELECT COUNT(*) FROM users WHERE username = '' AND PASSWORD = ''] 
11.11.2021 09:32:52 sql=[select * from room_category ] 
11.11.2021 09:33:37 sql=[SELECT COUNT(*) FROM users WHERE username = '' AND PASSWORD = ''] 
11.11.2021 09:33:37 sql=[select * from room_category ] 
11.11.2021 09:33:56 sql=[SELECT COUNT(*) FROM users WHERE username = '' AND PASSWORD = ''] 
11.11.2021 09:33:56 sql=[select * from room_category ] 
11.11.2021 09:34:31 sql=[SELECT COUNT(*) FROM users WHERE username = '' AND PASSWORD = ''] 
11.11.2021 09:34:31 sql=[select * from room_category ] 
11.11.2021 09:35:52 sql=[SELECT COUNT(*) FROM users WHERE username = '' AND PASSWORD = ''] 
11.11.2021 09:35:52 sql=[select * from room_category ] 
11.11.2021 09:35:58 sql=[SELECT COUNT(*) FROM users WHERE username = 'admin' AND PASSWORD = 'admin123'] 
11.11.2021 09:36:18 sql=[SELECT COUNT(*) FROM users WHERE username = '' AND PASSWORD = ''] 
11.11.2021 09:36:24 sql=[SELECT COUNT(*) FROM users WHERE username = '' AND PASSWORD = ''] 
11.11.2021 09:36:24 sql=[select * from room_category ] 
11.11.2021 09:36:46 sql=[SELECT COUNT(*) FROM users WHERE username = '' AND PASSWORD = ''] 
11.11.2021 09:36:46 sql=[select * from room_category ] 
11.11.2021 09:37:56 sql=[SELECT COUNT(*) FROM users WHERE username = '' AND PASSWORD = ''] 
11.11.2021 09:37:56 sql=[select * from room_category ] 
11.11.2021 09:38:14 sql=[SELECT COUNT(*) FROM users WHERE username = '' AND PASSWORD = ''] 
11.11.2021 09:38:14 sql=[select * from room_category ] 
11.11.2021 10:03:01 sql=[SELECT COUNT(*) FROM users WHERE username = 'admin' AND PASSWORD = 'admin123'] 
11.11.2021 10:28:00 sql=[SELECT COUNT(*) FROM users WHERE username = '' AND PASSWORD = ''] 
11.11.2021 10:28:07 sql=[SELECT COUNT(*) FROM users WHERE username = '' AND PASSWORD = ''] 
11.11.2021 10:28:07 sql=[select * from room_category ] 
11.11.2021 10:34:07 sql=[SELECT COUNT(*) FROM users WHERE username = '' AND PASSWORD = ''] 
11.11.2021 10:34:07 sql=[select * from room_category ] 
11.11.2021 10:34:22 sql=[SELECT COUNT(*) FROM users WHERE username = '' AND PASSWORD = ''] 
11.11.2021 10:34:22 sql=[select * from room_category ] 
11.11.2021 10:34:38 sql=[SELECT COUNT(*) FROM users WHERE username = '' AND PASSWORD = ''] 
11.11.2021 10:34:38 sql=[select * from room_category ] 
11.11.2021 10:35:19 sql=[SELECT COUNT(*) FROM users WHERE username = '' AND PASSWORD = ''] 
11.11.2021 10:35:19 sql=[select * from room_category ] 
11.11.2021 10:41:40 sql=[SELECT COUNT(*) FROM users WHERE username = '' AND PASSWORD = ''] 
11.11.2021 10:41:40 sql=[select * from room_category ] 
11.11.2021 10:42:51 sql=[SELECT COUNT(*) FROM users WHERE username = '' AND PASSWORD = ''] 
11.11.2021 10:42:51 sql=[select * from room_category ] 
11.11.2021 10:45:49 sql=[SELECT COUNT(*) FROM users WHERE username = '' AND PASSWORD = ''] 
11.11.2021 10:45:49 sql=[select * from room_category ] 
11.11.2021 10:50:03 sql=[SELECT COUNT(*) FROM users WHERE username = '' AND PASSWORD = ''] 
11.11.2021 10:50:03 sql=[select * from room_category ] 
11.11.2021 10:50:54 sql=[SELECT COUNT(*) FROM users WHERE username = '' AND PASSWORD = ''] 
11.11.2021 10:50:54 sql=[select * from room_category ] 
11.11.2021 10:51:34 sql=[SELECT COUNT(*) FROM users WHERE username = '' AND PASSWORD = ''] 
11.11.2021 10:51:34 sql=[select * from room_category ] 
11.11.2021 10:51:58 sql=[SELECT COUNT(*) FROM users WHERE username = '' AND PASSWORD = ''] 
11.11.2021 10:51:58 sql=[select * from room_category ] 
11.11.2021 10:53:33 sql=[SELECT COUNT(*) FROM users WHERE username = '' AND PASSWORD = ''] 
11.11.2021 10:53:33 sql=[select * from room_category ] 
11.11.2021 10:55:00 sql=[SELECT COUNT(*) FROM users WHERE username = '' AND PASSWORD = ''] 
11.11.2021 10:55:00 sql=[select * from room_category ] 
11.11.2021 10:55:43 sql=[SELECT COUNT(*) FROM users WHERE username = '' AND PASSWORD = ''] 
11.11.2021 10:55:43 sql=[select * from room_category ] 
11.11.2021 10:56:13 sql=[SELECT COUNT(*) FROM users WHERE username = '' AND PASSWORD = ''] 
11.11.2021 10:56:13 sql=[select * from room_category ] 
11.11.2021 10:56:58 sql=[SELECT COUNT(*) FROM users WHERE username = '' AND PASSWORD = ''] 
11.11.2021 10:56:58 sql=[select * from room_category ] 
11.11.2021 10:57:07 sql=[SELECT COUNT(*) FROM users WHERE username = '' AND PASSWORD = ''] 
11.11.2021 10:57:07 sql=[select * from room_category ] 
11.11.2021 11:00:00 sql=[SELECT COUNT(*) FROM users WHERE username = '' AND PASSWORD = ''] 
11.11.2021 11:00:00 sql=[select * from room_category ] 
11.11.2021 11:00:43 sql=[SELECT COUNT(*) FROM users WHERE username = '' AND PASSWORD = ''] 
11.11.2021 11:00:43 sql=[select * from room_category ] 
11.11.2021 11:00:55 sql=[SELECT COUNT(*) FROM users WHERE username = '' AND PASSWORD = ''] 
11.11.2021 11:00:55 sql=[select * from room_category ] 
11.11.2021 11:02:13 sql=[SELECT COUNT(*) FROM users WHERE username = '' AND PASSWORD = ''] 
11.11.2021 11:02:13 sql=[select * from room_category ] 
11.11.2021 11:02:37 sql=[SELECT COUNT(*) FROM users WHERE username = '' AND PASSWORD = ''] 
11.11.2021 11:02:37 sql=[select * from room_category ] 
11.11.2021 11:02:44 sql=[SELECT COUNT(*) FROM users WHERE username = '' AND PASSWORD = ''] 
11.11.2021 11:02:44 sql=[select * from room_category ] 
11.11.2021 11:03:03 sql=[SELECT COUNT(*) FROM users WHERE username = '' AND PASSWORD = ''] 
11.11.2021 11:03:03 sql=[select * from room_category ] 
11.11.2021 11:03:45 sql=[SELECT COUNT(*) FROM users WHERE username = '' AND PASSWORD = ''] 
11.11.2021 11:03:45 sql=[select * from room_category ] 
11.11.2021 11:03:56 sql=[SELECT COUNT(*) FROM users WHERE username = '' AND PASSWORD = ''] 
11.11.2021 11:03:56 sql=[select * from room_category ] 
11.11.2021 11:04:03 sql=[SELECT COUNT(*) FROM users WHERE username = '' AND PASSWORD = ''] 
11.11.2021 11:04:03 sql=[select * from room_category ] 
11.11.2021 11:04:11 sql=[SELECT COUNT(*) FROM users WHERE username = '' AND PASSWORD = ''] 
11.11.2021 11:04:11 sql=[select * from room_category ] 
11.11.2021 11:05:32 sql=[SELECT COUNT(*) FROM users WHERE username = '' AND PASSWORD = ''] 
11.11.2021 11:05:32 sql=[select * from room_category ] 
11.11.2021 11:05:50 sql=[SELECT COUNT(*) FROM users WHERE username = '' AND PASSWORD = ''] 
11.11.2021 11:05:50 sql=[select * from room_category ] 
11.11.2021 11:07:12 sql=[SELECT COUNT(*) FROM users WHERE username = '' AND PASSWORD = ''] 
11.11.2021 11:07:12 sql=[select * from room_category ] 
11.11.2021 11:07:58 sql=[SELECT COUNT(*) FROM users WHERE username = '' AND PASSWORD = ''] 
11.11.2021 11:07:58 sql=[select * from room_category ] 
11.11.2021 11:08:12 sql=[SELECT COUNT(*) FROM users WHERE username = '' AND PASSWORD = ''] 
11.11.2021 11:08:12 sql=[select * from room_category ] 
11.11.2021 11:09:03 sql=[select * from room_category ] 
11.11.2021 11:12:19 sql=[select * from room_category ] 
11.11.2021 11:14:27 sql=[select * from room_category ] 
11.11.2021 11:14:51 sql=[select * from room_category ] 
11.11.2021 11:35:29 sql=[select * from room_category ] 
11.11.2021 11:42:12 sql=[select * from room_category ] 
11.11.2021 12:03:15 sql=[select * from room_category ] 
11.11.2021 12:08:39 sql=[select * from room_category ] 
11.11.2021 12:08:56 sql=[select * from room_category ] 
11.11.2021 12:09:39 sql=[select * from room_category ] 
11.11.2021 12:10:24 sql=[select * from room_category ] 
11.11.2021 12:10:37 sql=[select * from room_category ] 
11.11.2021 12:11:13 sql=[select * from room_category ] 
11.11.2021 12:11:28 sql=[select * from room_category ] 
11.11.2021 12:12:18 sql=[select * from room_category ] 
11.11.2021 12:12:31 sql=[select * from room_category ] 
11.11.2021 12:12:48 sql=[SELECT COUNT(*) FROM users WHERE username = '' AND PASSWORD = ''] 
11.11.2021 12:12:51 sql=[select * from room_category ] 
11.11.2021 12:17:22 sql=[SELECT COUNT(*) FROM users WHERE username = '' AND PASSWORD = ''] 
11.11.2021 12:17:22 sql=[select * from room_category ] 
11.11.2021 12:18:27 sql=[SELECT COUNT(*) FROM users WHERE username = '' AND PASSWORD = ''] 
11.11.2021 12:18:27 sql=[select * from room_category ] 
11.11.2021 12:18:39 sql=[SELECT COUNT(*) FROM users WHERE username = '' AND PASSWORD = ''] 
11.11.2021 12:18:39 sql=[select * from room_category ] 
11.11.2021 12:23:56 sql=[SELECT COUNT(*) FROM users WHERE username = '' AND PASSWORD = ''] 
11.11.2021 12:23:56 sql=[select * from room_category ] 
11.11.2021 12:24:06 sql=[SELECT COUNT(*) FROM users WHERE username = '' AND PASSWORD = ''] 
11.11.2021 12:24:06 sql=[select * from room_category ] 
11.11.2021 12:24:40 sql=[SELECT COUNT(*) FROM users WHERE username = '' AND PASSWORD = ''] 
11.11.2021 12:24:40 sql=[select * from room_category ] 
11.11.2021 12:30:54 sql=[SELECT COUNT(*) FROM users WHERE username = '' AND PASSWORD = ''] 
11.11.2021 12:30:54 sql=[select * from room_category ] 
11.11.2021 12:31:46 sql=[SELECT COUNT(*) FROM users WHERE username = '' AND PASSWORD = ''] 
11.11.2021 12:31:46 sql=[select * from room_category ] 
11.11.2021 12:32:32 sql=[SELECT COUNT(*) FROM users WHERE username = '' AND PASSWORD = ''] 
11.11.2021 12:32:32 sql=[select * from room_category ] 
11.11.2021 12:32:57 sql=[SELECT COUNT(*) FROM users WHERE username = '' AND PASSWORD = ''] 
11.11.2021 12:32:57 sql=[select * from room_category ] 
11.11.2021 12:33:59 sql=[SELECT COUNT(*) FROM users WHERE username = '' AND PASSWORD = ''] 
11.11.2021 12:33:59 sql=[select * from room_category ] 
11.11.2021 12:34:48 sql=[SELECT COUNT(*) FROM users WHERE username = '' AND PASSWORD = ''] 
11.11.2021 12:34:48 sql=[select * from room_category ] 
11.11.2021 12:35:22 sql=[SELECT COUNT(*) FROM users WHERE username = '' AND PASSWORD = ''] 
11.11.2021 12:35:22 sql=[select * from room_category ] 
11.11.2021 12:37:30 sql=[SELECT COUNT(*) FROM users WHERE username = '' AND PASSWORD = ''] 
11.11.2021 12:37:30 sql=[select * from room_category ] 
11.11.2021 12:38:57 sql=[SELECT COUNT(*) FROM users WHERE username = '' AND PASSWORD = ''] 
11.11.2021 12:38:57 sql=[select * from room_category ] 
11.11.2021 12:41:05 sql=[SELECT COUNT(*) FROM users WHERE username = '' AND PASSWORD = ''] 
11.11.2021 12:41:05 sql=[select * from room_category ] 
11.11.2021 12:43:00 sql=[SELECT COUNT(*) FROM users WHERE username = '' AND PASSWORD = ''] 
11.11.2021 12:43:00 sql=[select * from room_category ] 
11.11.2021 12:43:42 sql=[SELECT COUNT(*) FROM users WHERE username = '' AND PASSWORD = ''] 
11.11.2021 12:43:42 sql=[select * from room_category ] 
11.11.2021 12:47:42 sql=[SELECT COUNT(*) FROM users WHERE username = '' AND PASSWORD = ''] 
11.11.2021 12:47:42 sql=[select * from room_category ] 
11.11.2021 12:48:49 sql=[SELECT COUNT(*) FROM users WHERE username = '' AND PASSWORD = ''] 
11.11.2021 12:48:49 sql=[select * from room_category ] 
11.11.2021 12:49:20 sql=[SELECT COUNT(*) FROM users WHERE username = '' AND PASSWORD = ''] 
11.11.2021 12:49:20 sql=[select * from room_category ] 
11.11.2021 12:49:47 sql=[SELECT COUNT(*) FROM users WHERE username = '' AND PASSWORD = ''] 
11.11.2021 12:49:47 sql=[select * from room_category ] 
11.11.2021 12:50:48 sql=[SELECT COUNT(*) FROM users WHERE username = '' AND PASSWORD = ''] 
11.11.2021 12:50:48 sql=[select * from room_category ] 
11.11.2021 12:51:33 sql=[SELECT COUNT(*) FROM users WHERE username = '' AND PASSWORD = ''] 
11.11.2021 12:51:33 sql=[select * from room_category ] 
11.11.2021 12:53:05 sql=[SELECT COUNT(*) FROM users WHERE username = '' AND PASSWORD = ''] 
11.11.2021 12:53:05 sql=[select * from room_category ] 
11.11.2021 12:53:37 sql=[SELECT COUNT(*) FROM users WHERE username = '' AND PASSWORD = ''] 
11.11.2021 12:53:37 sql=[select * from room_category ] 
11.11.2021 12:54:39 sql=[SELECT COUNT(*) FROM users WHERE username = '' AND PASSWORD = ''] 
11.11.2021 12:54:39 sql=[select * from room_category ] 
11.11.2021 12:57:41 sql=[SELECT COUNT(*) FROM users WHERE username = '' AND PASSWORD = ''] 
11.11.2021 12:57:41 sql=[select * from room_category ] 
11.11.2021 12:59:56 sql=[SELECT COUNT(*) FROM users WHERE username = '' AND PASSWORD = ''] 
11.11.2021 12:59:56 sql=[select * from room_category ] 
11.11.2021 01:01:18 sql=[SELECT COUNT(*) FROM users WHERE username = '' AND PASSWORD = ''] 
11.11.2021 01:01:18 sql=[select * from room_category ] 
11.11.2021 01:04:56 sql=[SELECT COUNT(*) FROM users WHERE username = '' AND PASSWORD = ''] 
11.11.2021 01:04:56 sql=[select * from room_category ] 
11.11.2021 01:05:20 sql=[SELECT COUNT(*) FROM users WHERE username = '' AND PASSWORD = ''] 
11.11.2021 01:05:20 sql=[select * from room_category ] 
11.11.2021 01:05:41 sql=[SELECT COUNT(*) FROM users WHERE username = '' AND PASSWORD = ''] 
11.11.2021 01:05:41 sql=[select * from room_category ] 
11.11.2021 01:06:07 sql=[SELECT COUNT(*) FROM users WHERE username = '' AND PASSWORD = ''] 
11.11.2021 01:06:07 sql=[select * from room_category ] 
11.11.2021 01:06:54 sql=[SELECT COUNT(*) FROM users WHERE username = '' AND PASSWORD = ''] 
11.11.2021 01:06:54 sql=[select * from room_category ] 
11.11.2021 01:07:07 sql=[SELECT COUNT(*) FROM users WHERE username = '' AND PASSWORD = ''] 
11.11.2021 01:07:07 sql=[select * from room_category ] 
11.11.2021 01:08:11 sql=[SELECT COUNT(*) FROM users WHERE username = '' AND PASSWORD = ''] 
11.11.2021 01:08:11 sql=[select * from room_category ] 
11.11.2021 01:08:21 sql=[SELECT COUNT(*) FROM users WHERE username = '' AND PASSWORD = ''] 
11.11.2021 01:08:21 sql=[select * from room_category ] 
11.11.2021 01:09:04 sql=[SELECT COUNT(*) FROM users WHERE username = '' AND PASSWORD = ''] 
11.11.2021 01:09:04 sql=[select * from room_category ] 
11.11.2021 01:09:17 sql=[SELECT COUNT(*) FROM users WHERE username = '' AND PASSWORD = ''] 
11.11.2021 01:09:17 sql=[select * from room_category ] 
11.11.2021 01:10:16 sql=[SELECT COUNT(*) FROM users WHERE username = '' AND PASSWORD = ''] 
11.11.2021 01:10:16 sql=[select * from room_category ] 
11.11.2021 01:10:26 sql=[SELECT COUNT(*) FROM users WHERE username = '' AND PASSWORD = ''] 
11.11.2021 01:10:26 sql=[select * from room_category ] 
11.11.2021 01:10:34 sql=[SELECT COUNT(*) FROM users WHERE username = '' AND PASSWORD = ''] 
11.11.2021 01:10:34 sql=[select * from room_category ] 
11.11.2021 01:11:32 sql=[SELECT COUNT(*) FROM users WHERE username = '' AND PASSWORD = ''] 
11.11.2021 01:11:32 sql=[select * from room_category ] 
11.11.2021 01:12:11 sql=[SELECT COUNT(*) FROM users WHERE username = '' AND PASSWORD = ''] 
11.11.2021 01:12:11 sql=[select * from room_category ] 
11.11.2021 01:12:22 sql=[SELECT COUNT(*) FROM users WHERE username = '' AND PASSWORD = ''] 
11.11.2021 01:12:22 sql=[select * from room_category ] 
11.11.2021 01:14:10 sql=[SELECT COUNT(*) FROM users WHERE username = '' AND PASSWORD = ''] 
11.11.2021 01:14:10 sql=[select * from room_category ] 
11.11.2021 01:14:20 sql=[SELECT COUNT(*) FROM users WHERE username = '' AND PASSWORD = ''] 
11.11.2021 01:14:20 sql=[select * from room_category ] 
11.11.2021 01:15:06 sql=[SELECT COUNT(*) FROM users WHERE username = '' AND PASSWORD = ''] 
11.11.2021 01:15:06 sql=[select * from room_category ] 
11.11.2021 01:15:41 sql=[SELECT COUNT(*) FROM users WHERE username = '' AND PASSWORD = ''] 
11.11.2021 01:15:41 sql=[select * from room_category ] 
11.11.2021 01:15:55 sql=[SELECT COUNT(*) FROM users WHERE username = '' AND PASSWORD = ''] 
11.11.2021 01:15:55 sql=[select * from room_category ] 
11.11.2021 01:17:37 sql=[SELECT COUNT(*) FROM users WHERE username = '' AND PASSWORD = ''] 
11.11.2021 01:17:37 sql=[select * from room_category ] 
11.11.2021 01:18:09 sql=[SELECT COUNT(*) FROM users WHERE username = '' AND PASSWORD = ''] 
11.11.2021 01:18:09 sql=[select * from room_category ] 
11.11.2021 01:18:43 sql=[SELECT COUNT(*) FROM users WHERE username = '' AND PASSWORD = ''] 
11.11.2021 01:18:43 sql=[select * from room_category ] 
11.11.2021 01:19:31 sql=[SELECT COUNT(*) FROM users WHERE username = '' AND PASSWORD = ''] 
11.11.2021 01:19:31 sql=[select * from room_category ] 
11.11.2021 01:19:37 sql=[SELECT COUNT(*) FROM users WHERE username = '' AND PASSWORD = ''] 
11.11.2021 01:19:37 sql=[select * from room_category ] 
11.11.2021 01:19:54 sql=[SELECT COUNT(*) FROM users WHERE username = '' AND PASSWORD = ''] 
11.11.2021 01:19:54 sql=[select * from room_category ] 
11.11.2021 01:20:02 sql=[SELECT COUNT(*) FROM users WHERE username = '' AND PASSWORD = ''] 
11.11.2021 01:20:02 sql=[select * from room_category ] 
11.11.2021 01:20:40 sql=[select * from room_category ] 
11.11.2021 01:20:43 sql=[select * from room_category ] 
11.11.2021 01:21:06 sql=[select * from room_category ] 
11.11.2021 01:21:35 sql=[select * from room_category ] 
11.11.2021 01:21:38 sql=[SELECT COUNT(*) FROM users WHERE username = '' AND PASSWORD = ''] 
11.11.2021 01:21:42 sql=[select * from room_category ] 
11.11.2021 01:21:48 sql=[SELECT COUNT(*) FROM users WHERE username = '' AND PASSWORD = ''] 
11.11.2021 01:22:17 sql=[select * from room_category ] 
11.11.2021 01:23:43 sql=[select * from room_category ] 
11.11.2021 01:25:59 sql=[select * from room_category ] 
11.11.2021 01:36:25 sql=[select * from room_category ] 
11.11.2021 01:36:33 sql=[select * from room_category ] 
11.11.2021 01:37:42 sql=[SELECT COUNT(*) FROM users WHERE username = '' AND PASSWORD = ''] 
11.11.2021 01:37:46 sql=[SELECT COUNT(*) FROM users WHERE username = 'admin' AND PASSWORD = 'admin123'] 
11.11.2021 01:57:20 sql=[SELECT COUNT(*) FROM users WHERE username = '' AND PASSWORD = ''] 
11.11.2021 01:57:24 sql=[SELECT COUNT(*) FROM users WHERE username = 'admin' AND PASSWORD = 'admin123'] 
11.11.2021 01:57:26 sql=[SELECT COUNT(*) FROM users WHERE username = '' AND PASSWORD = ''] 
11.11.2021 01:57:28 sql=[select * from room_category ] 
11.11.2021 01:57:50 sql=[select * from room_category ] 
11.11.2021 01:58:21 sql=[select * from room_category ] 
11.11.2021 01:58:36 sql=[select * from room_category ] 
11.11.2021 01:58:45 sql=[SELECT COUNT(*) FROM users WHERE username = '' AND PASSWORD = ''] 
11.11.2021 01:58:48 sql=[SELECT COUNT(*) FROM users WHERE username = 'admin' AND PASSWORD = 'admin123'] 
11.11.2021 02:42:26 sql=[SELECT COUNT(*) FROM users WHERE username = '' AND PASSWORD = ''] 
11.11.2021 02:42:33 sql=[SELECT COUNT(*) FROM users WHERE username = '' AND PASSWORD = ''] 
11.11.2021 02:44:05 sql=[SELECT COUNT(*) FROM users WHERE username = '' AND PASSWORD = ''] 
11.11.2021 02:44:51 sql=[select * from room_category ] 
11.11.2021 02:54:00 sql=[SELECT COUNT(*) FROM users WHERE username = '' AND PASSWORD = ''] 
11.11.2021 02:54:28 sql=[SELECT COUNT(*) FROM users WHERE username = '' AND PASSWORD = ''] 
11.11.2021 03:03:04 sql=[SELECT COUNT(*) FROM users WHERE username = '' AND PASSWORD = ''] 
11.11.2021 03:03:13 sql=[SELECT COUNT(*) FROM users WHERE username = '' AND PASSWORD = ''] 
11.11.2021 03:03:16 sql=[SELECT COUNT(*) FROM users WHERE username = '' AND PASSWORD = ''] 
11.11.2021 03:04:10 sql=[SELECT COUNT(*) FROM users WHERE username = '' AND PASSWORD = ''] 
11.11.2021 03:04:12 sql=[SELECT COUNT(*) FROM users WHERE username = '' AND PASSWORD = ''] 
11.11.2021 03:04:18 sql=[SELECT COUNT(*) FROM users WHERE username = '' AND PASSWORD = ''] 
11.11.2021 03:55:47 sql=[SELECT COUNT(*) FROM users WHERE username = '' AND PASSWORD = ''] 
11.11.2021 03:56:11 sql=[SELECT COUNT(*) FROM users WHERE username = '' AND PASSWORD = ''] 
11.11.2021 03:57:01 sql=[SELECT COUNT(*) FROM users WHERE username = '' AND PASSWORD = ''] 
11.11.2021 03:57:25 sql=[SELECT COUNT(*) FROM users WHERE username = '' AND PASSWORD = ''] 
11.11.2021 04:22:36 sql=[SELECT COUNT(*) FROM users WHERE username = '' AND PASSWORD = ''] 
11.11.2021 04:22:43 sql=[SELECT COUNT(*) FROM users WHERE username = 'admin' AND PASSWORD = 'admin123'] 
12.11.2021 05:52:29 sql=[SELECT COUNT(*) FROM users WHERE username = '' AND PASSWORD = ''] 
12.11.2021 05:52:33 sql=[SELECT COUNT(*) FROM users WHERE username = 'admin' AND PASSWORD = '1'] 
12.11.2021 05:52:39 sql=[SELECT COUNT(*) FROM users WHERE username = 'admin' AND PASSWORD = 'admin1234'] 
12.11.2021 05:52:45 sql=[SELECT COUNT(*) FROM users WHERE username = 'admin' AND PASSWORD = 'admin123'] 
12.11.2021 05:53:11 sql=[SELECT COUNT(*) FROM users WHERE username = '' AND PASSWORD = ''] 
12.11.2021 05:53:14 sql=[select * from room_category ] 
12.11.2021 05:53:31 sql=[select * from room_category ] 
12.11.2021 05:53:59 sql=[select * from room_category ] 
12.11.2021 05:55:40 sql=[select * from room_category ] 
12.11.2021 05:56:55 sql=[select * from room_category ] 
12.11.2021 05:57:34 sql=[select * from room_category ] 
12.11.2021 05:58:34 sql=[select * from room_category ] 
12.11.2021 05:59:53 sql=[select * from room_category ] 
12.11.2021 06:00:01 sql=[select * from room_category ] 
12.11.2021 06:00:21 sql=[select * from room_category ] 
12.11.2021 07:04:35 sql=[select * from room_category ] 
12.11.2021 12:51:46 sql=[select * from room_category ] 
12.11.2021 12:52:00 sql=[SELECT COUNT(*) FROM users WHERE username = '' AND PASSWORD = ''] 
12.11.2021 12:54:45 sql=[SELECT COUNT(*) FROM users WHERE username = '' AND PASSWORD = ''] 
12.11.2021 12:54:49 sql=[SELECT COUNT(*) FROM users WHERE username = 'admin' AND PASSWORD = '1'] 
12.11.2021 12:54:55 sql=[SELECT COUNT(*) FROM users WHERE username = 'admin' AND PASSWORD = 'admin123'] 
12.11.2021 01:03:21 sql=[SELECT COUNT(*) FROM users WHERE username = '' AND PASSWORD = ''] 
12.11.2021 01:03:51 sql=[SELECT COUNT(*) FROM users WHERE username = '' AND PASSWORD = ''] 
12.11.2021 01:04:04 sql=[SELECT COUNT(*) FROM users WHERE username = '' AND PASSWORD = ''] 
12.11.2021 01:04:09 sql=[SELECT COUNT(*) FROM users WHERE username = 'admin' AND PASSWORD = '1'] 
12.11.2021 01:04:11 sql=[SELECT COUNT(*) FROM users WHERE username = 'admin' AND PASSWORD = '1'] 
12.11.2021 01:04:22 sql=[SELECT COUNT(*) FROM users WHERE username = 'admin' AND PASSWORD = '1'] 
12.11.2021 01:04:25 sql=[SELECT COUNT(*) FROM users WHERE username = '' AND PASSWORD = ''] 
12.11.2021 01:04:31 sql=[SELECT COUNT(*) FROM users WHERE username = 'admin' AND PASSWORD = 'admin123'] 
12.11.2021 01:04:34 sql=[SELECT COUNT(*) FROM users WHERE username = '' AND PASSWORD = ''] 
12.11.2021 01:04:38 sql=[SELECT COUNT(*) FROM users WHERE username = '' AND PASSWORD = ''] 
12.11.2021 01:05:05 sql=[SELECT COUNT(*) FROM users WHERE username = '' AND PASSWORD = ''] 
12.11.2021 01:05:08 sql=[SELECT COUNT(*) FROM users WHERE username = 'admin' AND PASSWORD = '1'] 
12.11.2021 01:05:21 sql=[SELECT COUNT(*) FROM users WHERE username = '' AND PASSWORD = ''] 
12.11.2021 01:05:24 sql=[SELECT COUNT(*) FROM users WHERE username = 'admin' AND PASSWORD = 'admin123'] 
12.11.2021 01:05:28 sql=[SELECT COUNT(*) FROM users WHERE username = '' AND PASSWORD = ''] 
12.11.2021 01:05:31 sql=[SELECT COUNT(*) FROM users WHERE username = 'admin' AND PASSWORD = '1'] 
12.11.2021 01:05:45 sql=[SELECT COUNT(*) FROM users WHERE username = '' AND PASSWORD = ''] 
12.11.2021 01:05:53 sql=[SELECT COUNT(*) FROM users WHERE username = 'admin' AND PASSWORD = 'admin123'] 
12.11.2021 01:07:05 sql=[SELECT COUNT(*) FROM users WHERE username = '' AND PASSWORD = ''] 
12.11.2021 01:07:07 sql=[SELECT COUNT(*) FROM users WHERE username = '' AND PASSWORD = ''] 
12.11.2021 01:07:13 sql=[SELECT COUNT(*) FROM users WHERE username = '' AND PASSWORD = ''] 
12.11.2021 01:07:16 sql=[SELECT COUNT(*) FROM users WHERE username = 'admin' AND PASSWORD = 'admin123'] 
12.11.2021 01:07:20 sql=[SELECT COUNT(*) FROM users WHERE username = '' AND PASSWORD = ''] 
12.11.2021 01:07:22 sql=[SELECT COUNT(*) FROM users WHERE username = '' AND PASSWORD = ''] 
12.11.2021 01:07:25 sql=[SELECT COUNT(*) FROM users WHERE username = 'admin' AND PASSWORD = 'adsmin123'] 
12.11.2021 01:07:31 sql=[SELECT COUNT(*) FROM users WHERE username = 'admin' AND PASSWORD = 'admin123'] 
12.11.2021 01:07:34 sql=[SELECT COUNT(*) FROM users WHERE username = '' AND PASSWORD = ''] 
12.11.2021 01:07:37 sql=[SELECT COUNT(*) FROM users WHERE username = '' AND PASSWORD = ''] 
12.11.2021 01:07:58 sql=[SELECT COUNT(*) FROM users WHERE username = '' AND PASSWORD = ''] 
12.11.2021 01:08:16 sql=[SELECT COUNT(*) FROM users WHERE username = '' AND PASSWORD = ''] 
12.11.2021 01:08:17 sql=[SELECT COUNT(*) FROM users WHERE username = '' AND PASSWORD = ''] 
12.11.2021 01:08:18 sql=[SELECT COUNT(*) FROM users WHERE username = '' AND PASSWORD = ''] 
12.11.2021 01:08:19 sql=[SELECT COUNT(*) FROM users WHERE username = '' AND PASSWORD = ''] 
12.11.2021 01:08:53 sql=[SELECT COUNT(*) FROM users WHERE username = '' AND PASSWORD = ''] 
12.11.2021 01:11:31 sql=[SELECT COUNT(*) FROM users WHERE username = 'admin' AND PASSWORD = '1'] 
12.11.2021 01:18:57 sql=[SELECT COUNT(*) FROM users WHERE username = '' AND PASSWORD = ''] 
12.11.2021 01:18:57 sql=[SELECT * FROM users WHERE username = '' AND PASSWORD = ''] 
12.11.2021 01:18:59 sql=[SELECT COUNT(*) FROM users WHERE username = '' AND PASSWORD = ''] 
12.11.2021 01:18:59 sql=[SELECT * FROM users WHERE username = '' AND PASSWORD = ''] 
12.11.2021 01:19:04 sql=[SELECT COUNT(*) FROM users WHERE username = 'admin' AND PASSWORD = 'admin123'] 
12.11.2021 01:19:04 sql=[SELECT * FROM users WHERE username = 'admin' AND PASSWORD = 'admin123'] 
12.11.2021 01:26:09 sql=[SELECT COUNT(*) FROM users WHERE username = '' AND PASSWORD = ''] 
12.11.2021 01:26:09 sql=[SELECT * FROM users WHERE username = '' AND PASSWORD = ''] 
12.11.2021 01:26:13 sql=[SELECT COUNT(*) FROM users WHERE username = 'admin' AND PASSWORD = 'admin123'] 
12.11.2021 01:26:13 sql=[SELECT * FROM users WHERE username = 'admin' AND PASSWORD = 'admin123'] 
12.11.2021 01:26:55 sql=[SELECT COUNT(*) FROM users WHERE username = '' AND PASSWORD = ''] 
12.11.2021 01:26:55 sql=[SELECT * FROM users WHERE username = '' AND PASSWORD = ''] 
12.11.2021 01:27:18 sql=[SELECT COUNT(*) FROM users WHERE username = '' AND PASSWORD = ''] 
12.11.2021 01:27:18 sql=[SELECT * FROM users WHERE username = '' AND PASSWORD = ''] 
12.11.2021 01:27:27 sql=[SELECT COUNT(*) FROM users WHERE username = 'admin' AND PASSWORD = '1'] 
12.11.2021 01:27:27 sql=[SELECT * FROM users WHERE username = 'admin' AND PASSWORD = '1'] 
12.11.2021 01:27:33 sql=[SELECT COUNT(*) FROM users WHERE username = 'admin' AND PASSWORD = 'admin123'] 
12.11.2021 01:27:33 sql=[SELECT * FROM users WHERE username = 'admin' AND PASSWORD = 'admin123'] 
12.11.2021 01:32:43 sql=[SELECT COUNT(*) FROM users WHERE username = '' AND PASSWORD = ''] 
12.11.2021 01:34:00 sql=[SELECT COUNT(*) FROM users WHERE username = '' AND PASSWORD = ''] 
12.11.2021 01:34:00 sql=[SELECT COUNT(*) FROM users WHERE username = '' AND PASSWORD = ''] 
12.11.2021 01:34:01 sql=[SELECT COUNT(*) FROM users WHERE username = '' AND PASSWORD = ''] 
12.11.2021 01:34:02 sql=[SELECT COUNT(*) FROM users WHERE username = '' AND PASSWORD = ''] 
12.11.2021 01:36:56 sql=[SELECT COUNT(*) FROM users WHERE username = '' AND PASSWORD = ''] 
12.11.2021 01:38:09 sql=[SELECT COUNT(*) FROM users WHERE username = '' AND PASSWORD = ''] 
12.11.2021 01:38:11 sql=[SELECT COUNT(*) FROM users WHERE username = '' AND PASSWORD = ''] 
12.11.2021 01:38:11 sql=[select * from room_category ] 
12.11.2021 01:38:16 sql=[SELECT COUNT(*) FROM users WHERE username = '' AND PASSWORD = ''] 
12.11.2021 01:39:55 sql=[SELECT COUNT(*) FROM users WHERE username = '' AND PASSWORD = ''] 
12.11.2021 01:40:02 sql=[SELECT COUNT(*) FROM users WHERE username = '' AND PASSWORD = ''] 
12.11.2021 01:40:07 sql=[SELECT COUNT(*) FROM users WHERE username = '' AND PASSWORD = ''] 
12.11.2021 01:40:07 sql=[select * from room_category ] 
12.11.2021 01:44:18 sql=[SELECT COUNT(*) FROM users WHERE username = '' AND PASSWORD = ''] 
12.11.2021 01:44:18 sql=[select * from room_category ] 
12.11.2021 01:47:38 sql=[SELECT COUNT(*) FROM users WHERE username = '' AND PASSWORD = ''] 
12.11.2021 01:47:38 sql=[select * from room_category ] 
12.11.2021 01:47:38 sql=[SELECT COUNT(*) FROM users WHERE username = '' AND PASSWORD = ''] 
12.11.2021 01:47:40 sql=[SELECT COUNT(*) FROM users WHERE username = '' AND PASSWORD = ''] 
12.11.2021 01:47:41 sql=[SELECT COUNT(*) FROM users WHERE username = '' AND PASSWORD = ''] 
12.11.2021 01:47:43 sql=[SELECT COUNT(*) FROM users WHERE username = '' AND PASSWORD = ''] 
12.11.2021 01:47:44 sql=[SELECT COUNT(*) FROM users WHERE username = '' AND PASSWORD = ''] 
12.11.2021 01:47:44 sql=[SELECT COUNT(*) FROM users WHERE username = '' AND PASSWORD = ''] 
12.11.2021 01:48:11 sql=[SELECT COUNT(*) FROM users WHERE username = '' AND PASSWORD = ''] 
12.11.2021 01:48:13 sql=[SELECT COUNT(*) FROM users WHERE username = '' AND PASSWORD = ''] 
12.11.2021 01:48:14 sql=[SELECT COUNT(*) FROM users WHERE username = '' AND PASSWORD = ''] 
12.11.2021 01:48:15 sql=[SELECT COUNT(*) FROM users WHERE username = '' AND PASSWORD = ''] 
12.11.2021 01:48:15 sql=[SELECT COUNT(*) FROM users WHERE username = '' AND PASSWORD = ''] 
12.11.2021 01:48:16 sql=[SELECT COUNT(*) FROM users WHERE username = '' AND PASSWORD = ''] 
12.11.2021 01:48:21 sql=[SELECT COUNT(*) FROM users WHERE username = '' AND PASSWORD = ''] 
12.11.2021 01:48:22 sql=[SELECT COUNT(*) FROM users WHERE username = '' AND PASSWORD = ''] 
12.11.2021 01:48:23 sql=[SELECT COUNT(*) FROM users WHERE username = '' AND PASSWORD = ''] 
12.11.2021 01:48:26 sql=[SELECT COUNT(*) FROM users WHERE username = '' AND PASSWORD = ''] 
12.11.2021 01:48:38 sql=[SELECT COUNT(*) FROM users WHERE username = '' AND PASSWORD = ''] 
12.11.2021 01:48:40 sql=[SELECT COUNT(*) FROM users WHERE username = '' AND PASSWORD = ''] 
12.11.2021 01:48:41 sql=[SELECT COUNT(*) FROM users WHERE username = '' AND PASSWORD = ''] 
12.11.2021 01:49:02 sql=[SELECT COUNT(*) FROM users WHERE username = '' AND PASSWORD = ''] 
12.11.2021 01:49:11 sql=[SELECT COUNT(*) FROM users WHERE username = '' AND PASSWORD = ''] 
12.11.2021 01:49:21 sql=[SELECT COUNT(*) FROM users WHERE username = '' AND PASSWORD = ''] 
12.11.2021 01:49:30 sql=[SELECT COUNT(*) FROM users WHERE username = '' AND PASSWORD = ''] 
12.11.2021 01:49:39 sql=[SELECT COUNT(*) FROM users WHERE username = '' AND PASSWORD = ''] 
12.11.2021 01:49:43 sql=[SELECT COUNT(*) FROM users WHERE username = '' AND PASSWORD = ''] 
12.11.2021 01:49:46 sql=[SELECT COUNT(*) FROM users WHERE username = '' AND PASSWORD = ''] 
12.11.2021 01:49:53 sql=[SELECT COUNT(*) FROM users WHERE username = '' AND PASSWORD = ''] 
12.11.2021 01:50:35 sql=[SELECT COUNT(*) FROM users WHERE username = '' AND PASSWORD = ''] 
12.11.2021 01:50:48 sql=[SELECT COUNT(*) FROM users WHERE username = '' AND PASSWORD = ''] 
12.11.2021 01:51:15 sql=[SELECT COUNT(*) FROM users WHERE username = '' AND PASSWORD = ''] 
12.11.2021 01:51:19 sql=[SELECT COUNT(*) FROM users WHERE username = '' AND PASSWORD = ''] 
12.11.2021 01:51:45 sql=[SELECT COUNT(*) FROM users WHERE username = '' AND PASSWORD = ''] 
12.11.2021 01:52:02 sql=[SELECT COUNT(*) FROM users WHERE username = '' AND PASSWORD = ''] 
12.11.2021 01:52:27 sql=[SELECT COUNT(*) FROM users WHERE username = '' AND PASSWORD = ''] 
12.11.2021 01:53:05 sql=[SELECT COUNT(*) FROM users WHERE username = '' AND PASSWORD = ''] 
12.11.2021 01:53:07 sql=[SELECT COUNT(*) FROM users WHERE username = '' AND PASSWORD = ''] 
12.11.2021 01:53:08 sql=[SELECT COUNT(*) FROM users WHERE username = '' AND PASSWORD = ''] 
12.11.2021 01:53:09 sql=[SELECT COUNT(*) FROM users WHERE username = '' AND PASSWORD = ''] 
12.11.2021 01:53:10 sql=[SELECT COUNT(*) FROM users WHERE username = '' AND PASSWORD = ''] 
12.11.2021 01:53:14 sql=[SELECT COUNT(*) FROM users WHERE username = '' AND PASSWORD = ''] 
12.11.2021 01:53:17 sql=[SELECT COUNT(*) FROM users WHERE username = '' AND PASSWORD = ''] 
12.11.2021 01:53:18 sql=[SELECT COUNT(*) FROM users WHERE username = '' AND PASSWORD = ''] 
12.11.2021 01:53:20 sql=[SELECT COUNT(*) FROM users WHERE username = '' AND PASSWORD = ''] 
12.11.2021 01:53:20 sql=[select * from room_category ] 
12.11.2021 01:53:38 sql=[SELECT COUNT(*) FROM users WHERE username = 'admin' AND PASSWORD = 'admin123'] 
