05.11.2021 04:03:10 sql=[select * from users ] 
05.11.2021 04:27:40 sql=[select * from room_category ] 
05.11.2021 04:29:13 sql=[select * from room_category ] 
05.11.2021 04:29:17 sql=[select * from room_category ] 
05.11.2021 04:30:03 sql=[select * from room_category ] 
05.11.2021 04:30:06 sql=[select * from room_category ] 
05.11.2021 04:30:23 sql=[select * from room_category ] 
05.11.2021 04:30:54 sql=[select * from room_category ] 
05.11.2021 04:31:11 sql=[select * from room_category ] 
05.11.2021 04:32:17 sql=[select * from room_category ] 
05.11.2021 04:32:26 sql=[select * from room_category ] 
05.11.2021 04:34:59 sql=[select * from room_category ] 
05.11.2021 04:35:11 sql=[select * from room_category ] 
05.11.2021 04:39:46 sql=[select * from room_category ] 
09.11.2021 04:54:17 sql=[select * from room_category ] 
09.11.2021 04:54:17 sql=[select * from room_category ] 
09.11.2021 04:54:18 sql=[select * from users ] 
09.11.2021 04:54:18 sql=[select * from room_category ] 
09.11.2021 04:54:20 sql=[select * from room_category ] 
09.11.2021 04:54:21 sql=[select * from room_category ] 
09.11.2021 04:54:27 sql=[select * from room_category ] 
09.11.2021 04:54:29 sql=[select * from room_category ] 
09.11.2021 04:54:31 sql=[select * from room_category ] 
09.11.2021 04:54:32 sql=[select * from room_category ] 
09.11.2021 04:54:33 sql=[select * from room_category ] 
09.11.2021 04:56:06 sql=[select * from room_category ] 
09.11.2021 04:56:08 sql=[select * from room_category ] 
09.11.2021 04:56:14 sql=[select * from room_category ] 
09.11.2021 05:01:51 sql=[select * from room_category ] 
10.11.2021 02:33:56 sql=[select * from room_category ] 
10.11.2021 02:34:48 sql=[select * from room_category ] 
10.11.2021 02:34:49 sql=[select * from room_category ] 
10.11.2021 02:34:52 sql=[select * from room_category ] 
10.11.2021 02:35:44 sql=[select * from room_category ] 
10.11.2021 02:35:45 sql=[select * from room_category ] 
10.11.2021 02:35:46 sql=[select * from room_category ] 
10.11.2021 02:36:34 sql=[select * from room_category ] 
10.11.2021 02:36:41 sql=[select * from room_category ] 
10.11.2021 02:37:19 sql=[select * from room_category ] 
10.11.2021 02:37:21 sql=[select * from room_category ] 
10.11.2021 02:37:33 sql=[select * from room_category ] 
10.11.2021 02:37:34 sql=[select * from room_category ] 
10.11.2021 02:37:35 sql=[select * from room_category ] 
10.11.2021 02:37:35 sql=[select * from room_category ] 
10.11.2021 02:37:36 sql=[select * from room_category ] 
10.11.2021 02:37:37 sql=[select * from room_category ] 
10.11.2021 02:37:47 sql=[select * from room_category ] 
10.11.2021 02:37:47 sql=[select * from rooms ] 
10.11.2021 02:38:20 sql=[select * from room_category ] 
10.11.2021 02:38:20 sql=[select * from rooms ] 
10.11.2021 02:38:39 sql=[select * from room_category ] 
10.11.2021 02:38:39 sql=[select * from rooms ] 
10.11.2021 02:39:59 sql=[select * from room_category ] 
10.11.2021 02:40:00 sql=[select * from rooms ] 
10.11.2021 02:40:27 sql=[select * from room_category ] 
10.11.2021 02:40:27 sql=[select * from rooms ] 
10.11.2021 02:40:44 sql=[select * from room_category ] 
10.11.2021 02:40:44 sql=[select * from rooms ] 
10.11.2021 02:41:49 sql=[select * from room_category ] 
10.11.2021 02:41:49 sql=[select * from rooms ] 
10.11.2021 02:42:11 sql=[select * from room_category ] 
10.11.2021 02:42:11 sql=[select * from rooms ] 
10.11.2021 02:43:05 sql=[select * from room_category ] 
10.11.2021 02:43:05 sql=[select * from rooms ] 
10.11.2021 02:43:39 sql=[select * from room_category ] 
10.11.2021 02:43:39 sql=[select * from rooms ] 
10.11.2021 02:43:59 sql=[select * from room_category ] 
10.11.2021 02:43:59 sql=[select * from rooms ] 
10.11.2021 02:44:07 sql=[select * from room_category ] 
10.11.2021 02:44:07 sql=[select * from rooms ] 
10.11.2021 02:45:29 sql=[select * from room_category ] 
10.11.2021 02:45:29 sql=[select * from rooms ] 
10.11.2021 02:45:56 sql=[select * from room_category ] 
10.11.2021 02:45:56 sql=[select * from rooms ] 
10.11.2021 02:47:31 sql=[select * from room_category ] 
10.11.2021 02:47:31 sql=[select * from rooms ] 
10.11.2021 02:49:15 sql=[select * from room_category ] 
10.11.2021 02:49:15 sql=[select * from rooms ] 
10.11.2021 02:49:21 sql=[select * from room_category ] 
10.11.2021 02:49:21 sql=[select * from rooms ] 
10.11.2021 02:49:31 sql=[select * from room_category ] 
10.11.2021 02:49:31 sql=[select * from rooms ] 
10.11.2021 02:49:33 sql=[select * from room_category ] 
10.11.2021 02:49:33 sql=[select * from rooms ] 
10.11.2021 02:49:53 sql=[select * from room_category ] 
10.11.2021 02:49:53 sql=[select * from rooms ] 
10.11.2021 02:49:55 sql=[select * from room_category ] 
10.11.2021 02:49:55 sql=[select * from rooms ] 
10.11.2021 02:51:04 sql=[select * from room_category ] 
10.11.2021 02:51:04 sql=[select * from rooms ] 
10.11.2021 02:51:29 sql=[select * from room_category ] 
10.11.2021 02:51:29 sql=[select * from rooms ] 
10.11.2021 02:52:17 sql=[select * from room_category ] 
10.11.2021 02:52:17 sql=[select * from rooms ] 
10.11.2021 02:54:42 sql=[select * from room_category ] 
10.11.2021 02:54:42 sql=[select * from rooms ] 
10.11.2021 02:56:13 sql=[select * from room_category ] 
10.11.2021 02:56:13 sql=[select * from rooms ] 
10.11.2021 02:57:01 sql=[select * from room_category ] 
10.11.2021 02:57:01 sql=[select * from rooms ] 
10.11.2021 02:57:21 sql=[select * from room_category ] 
10.11.2021 02:57:21 sql=[select * from rooms ] 
10.11.2021 02:57:23 sql=[select * from room_category ] 
10.11.2021 02:57:23 sql=[select * from rooms ] 
10.11.2021 02:57:24 sql=[select * from room_category ] 
10.11.2021 02:57:24 sql=[select * from rooms ] 
10.11.2021 02:57:28 sql=[select * from room_category ] 
10.11.2021 02:57:28 sql=[select * from rooms ] 
10.11.2021 02:57:38 sql=[select * from room_category ] 
10.11.2021 02:57:38 sql=[select * from rooms ] 
10.11.2021 02:58:04 sql=[select * from room_category ] 
10.11.2021 02:58:04 sql=[select * from rooms ] 
10.11.2021 02:58:46 sql=[select * from room_category ] 
10.11.2021 02:58:46 sql=[select * from rooms ] 
10.11.2021 02:58:55 sql=[select * from room_category ] 
10.11.2021 02:58:55 sql=[select * from rooms ] 
10.11.2021 02:59:09 sql=[select * from room_category ] 
10.11.2021 02:59:09 sql=[select * from rooms ] 
10.11.2021 03:00:30 sql=[select * from room_category ] 
10.11.2021 03:00:30 sql=[select * from rooms ] 
10.11.2021 03:00:54 sql=[select * from room_category ] 
10.11.2021 03:00:54 sql=[select * from rooms ] 
10.11.2021 03:01:24 sql=[select * from room_category ] 
10.11.2021 03:01:24 sql=[select * from rooms ] 
10.11.2021 03:02:09 sql=[select * from room_category ] 
10.11.2021 03:02:09 sql=[select * from rooms ] 
10.11.2021 03:02:29 sql=[select * from room_category ] 
10.11.2021 03:02:29 sql=[select * from rooms ] 
10.11.2021 03:02:41 sql=[select * from room_category ] 
10.11.2021 03:02:41 sql=[select * from rooms ] 
10.11.2021 03:03:16 sql=[select * from room_category ] 
10.11.2021 03:03:16 sql=[select * from rooms ] 
10.11.2021 03:03:36 sql=[select * from room_category ] 
10.11.2021 03:03:36 sql=[select * from rooms ] 
10.11.2021 03:03:37 sql=[select * from room_category ] 
10.11.2021 03:03:37 sql=[select * from rooms ] 
10.11.2021 03:03:45 sql=[select * from room_category ] 
10.11.2021 03:03:45 sql=[select * from rooms ] 
10.11.2021 03:03:51 sql=[select * from room_category ] 
10.11.2021 03:03:51 sql=[select * from rooms ] 
10.11.2021 03:03:55 sql=[select * from room_category ] 
10.11.2021 03:03:55 sql=[select * from rooms ] 
10.11.2021 03:04:39 sql=[select * from room_category ] 
10.11.2021 03:04:39 sql=[select * from rooms ] 
10.11.2021 03:04:40 sql=[select * from room_category ] 
10.11.2021 03:04:41 sql=[select * from room_category ] 
10.11.2021 03:04:41 sql=[select * from rooms ] 
10.11.2021 03:04:42 sql=[select * from room_category ] 
10.11.2021 03:08:40 sql=[select * from rooms ] 
10.11.2021 03:09:18 sql=[select * from rooms ] 
10.11.2021 03:11:23 sql=[select * from room_category ] 
10.11.2021 03:11:23 sql=[select * from rooms ] 
10.11.2021 03:12:18 sql=[select * from room_category ] 
10.11.2021 03:12:18 sql=[select * from rooms ] 
10.11.2021 03:12:21 sql=[select * from room_category ] 
10.11.2021 03:12:21 sql=[select * from rooms ] 
10.11.2021 03:13:11 sql=[select * from room_category ] 
10.11.2021 03:13:11 sql=[select * from rooms ] 
10.11.2021 03:23:32 sql=[select * from checked ] 
10.11.2021 03:23:42 sql=[select * from checked ] 
10.11.2021 03:26:30 sql=[select * from checked ] 
10.11.2021 03:27:30 sql=[select * from checked ] 
10.11.2021 03:27:31 sql=[select * from checked ] 
10.11.2021 03:29:04 sql=[select * from checked ] 
10.11.2021 03:31:14 sql=[select * from checked ] 
10.11.2021 03:36:04 sql=[select * from rooms ] 
10.11.2021 03:40:35 sql=[select * from room_category ] 
10.11.2021 03:40:35 sql=[select * from rooms ] 
10.11.2021 03:40:45 sql=[select * from room_category ] 
10.11.2021 03:40:45 sql=[select * from rooms ] 
10.11.2021 03:40:45 sql=[select * from checked ] 
10.11.2021 03:42:11 sql=[select * from room_category ] 
10.11.2021 03:42:11 sql=[select * from rooms ] 
10.11.2021 03:42:11 sql=[select * from checked ] 
10.11.2021 03:42:53 sql=[select * from rooms ] 
10.11.2021 03:42:53 sql=[select * from room_category ] 
10.11.2021 03:42:53 sql=[select * from rooms ] 
10.11.2021 03:42:53 sql=[select * from checked ] 
10.11.2021 03:42:54 sql=[select * from room_category ] 
10.11.2021 03:42:55 sql=[select * from users ] 
10.11.2021 03:42:55 sql=[select * from room_category ] 
10.11.2021 03:42:55 sql=[select * from rooms ] 
10.11.2021 03:42:56 sql=[select * from room_category ] 
10.11.2021 03:42:57 sql=[select * from room_category ] 
10.11.2021 03:42:57 sql=[select * from rooms ] 
10.11.2021 03:42:58 sql=[select * from users ] 
10.11.2021 03:42:58 sql=[select * from room_category ] 
10.11.2021 03:42:58 sql=[select * from rooms ] 
10.11.2021 03:42:59 sql=[select * from room_category ] 
10.11.2021 03:42:59 sql=[select * from rooms ] 
10.11.2021 03:43:00 sql=[select * from room_category ] 
10.11.2021 03:43:01 sql=[select * from room_category ] 
10.11.2021 03:43:01 sql=[select * from rooms ] 
10.11.2021 03:43:02 sql=[select * from users ] 
10.11.2021 03:45:21 sql=[select * from users ] 
11.11.2021 07:12:51 sql=[select * from rooms ] 
11.11.2021 07:12:53 sql=[select * from rooms ] 
11.11.2021 07:13:24 sql=[select * from rooms ] 
11.11.2021 07:13:26 sql=[select * from room_category ] 
11.11.2021 07:13:27 sql=[select * from room_category ] 
11.11.2021 07:13:27 sql=[select * from rooms ] 
11.11.2021 07:13:29 sql=[select * from room_category ] 
11.11.2021 07:13:29 sql=[select * from rooms ] 
11.11.2021 07:13:30 sql=[select * from room_category ] 
11.11.2021 07:13:33 sql=[select * from room_category ] 
11.11.2021 07:13:33 sql=[select * from rooms ] 
11.11.2021 07:13:33 sql=[select * from checked ] 
11.11.2021 07:13:36 sql=[select * from rooms ] 
11.11.2021 07:13:50 sql=[select * from rooms ] 
11.11.2021 07:13:51 sql=[select * from room_category ] 
11.11.2021 07:13:51 sql=[select * from rooms ] 
11.11.2021 07:13:51 sql=[select * from checked ] 
11.11.2021 07:13:53 sql=[select * from rooms ] 
11.11.2021 07:13:54 sql=[select * from room_category ] 
11.11.2021 07:13:54 sql=[select * from rooms ] 
11.11.2021 07:13:54 sql=[select * from checked ] 
11.11.2021 07:13:55 sql=[select * from rooms ] 
11.11.2021 07:13:55 sql=[select * from room_category ] 
11.11.2021 07:13:55 sql=[select * from rooms ] 
11.11.2021 07:13:55 sql=[select * from checked ] 
11.11.2021 07:13:56 sql=[select * from rooms ] 
11.11.2021 07:16:36 sql=[select * from room_category ] 
11.11.2021 07:16:36 sql=[select * from rooms ] 
11.11.2021 07:16:46 sql=[select * from room_category ] 
11.11.2021 07:16:46 sql=[select * from rooms ] 
11.11.2021 07:16:46 sql=[select * from checked ] 
11.11.2021 07:16:47 sql=[select * from room_category ] 
11.11.2021 07:16:47 sql=[select * from room_category ] 
11.11.2021 07:16:47 sql=[select * from rooms ] 
11.11.2021 07:16:48 sql=[select * from room_category ] 
11.11.2021 07:16:50 sql=[select * from room_category ] 
11.11.2021 07:16:50 sql=[select * from rooms ] 
11.11.2021 07:16:51 sql=[select * from users ] 
11.11.2021 09:29:16 sql=[select * from room_category ] 
11.11.2021 09:29:17 sql=[select * from rooms ] 
11.11.2021 09:29:17 sql=[select * from room_category ] 
11.11.2021 09:29:17 sql=[select * from rooms ] 
11.11.2021 09:29:17 sql=[select * from checked ] 
11.11.2021 09:29:18 sql=[select * from room_category ] 
11.11.2021 09:29:19 sql=[select * from room_category ] 
11.11.2021 09:29:19 sql=[select * from rooms ] 
11.11.2021 09:29:20 sql=[select * from room_category ] 
11.11.2021 09:29:24 sql=[select * from room_category ] 
11.11.2021 09:29:24 sql=[select * from rooms ] 
11.11.2021 09:29:24 sql=[select * from checked ] 
11.11.2021 09:29:24 sql=[select * from room_category ] 
11.11.2021 09:29:24 sql=[select * from rooms ] 
11.11.2021 09:29:25 sql=[select * from users ] 
11.11.2021 09:29:26 sql=[select * from room_category ] 
11.11.2021 09:29:26 sql=[select * from rooms ] 
11.11.2021 09:36:05 sql=[select * from room_category ] 
11.11.2021 09:36:05 sql=[select * from rooms ] 
11.11.2021 09:36:05 sql=[select * from room_category ] 
11.11.2021 09:36:05 sql=[select * from rooms ] 
11.11.2021 09:36:05 sql=[select * from checked ] 
11.11.2021 10:03:07 sql=[select * from room_category ] 
11.11.2021 10:03:09 sql=[select * from room_category ] 
11.11.2021 11:14:27 <!-- sql=[INSERT INTO `booking`(`id`, `name`, `contact`, `date_in`, `date_out`, `room_id`) VALUES ('giang','123123,'','2021-11-12','','1')] --> 
11.11.2021 11:14:58 <!-- sql=[INSERT INTO `booking`(`id`, `name`, `contact`, `date_in`, `date_out`, `room_id`) VALUES ('giang','123123,'','2021-11-12','','1')] --> 
11.11.2021 11:15:49 <!-- sql=[INSERT INTO `booking`( `name`, `contact`, `date_in`, `date_out`, `room_id`) VALUES ('giang','123123,'','2021-11-12','',1)] --> 
11.11.2021 11:16:20 <!-- sql=[INSERT INTO `booking`( `name`, `contact`, `date_in`, `date_out`, `room_id`) VALUES ('giang','123123,'','2021-11-12','','1')] --> 
11.11.2021 11:30:30 <!-- sql=[INSERT INTO `booking`( `name`, `contact`, `date_in`, `date_out`, `room_id`) VALUES ('giang','123123,'','1636671600','','1')] --> 
11.11.2021 11:34:40 <!-- sql=[INSERT INTO `booking`( `name`, `contact`, `date_in`, `date_out`, `room_id`) VALUES ('giang','123123,'','2021-11-12','','1')] --> 
11.11.2021 11:35:43 <!-- sql=[INSERT INTO `booking`( `name`, `contact`, `date_in`, `date_out`, `room_id`) VALUES ('ad','12as,'','11/19/2021','1637967600','1')] --> 
11.11.2021 11:36:16 <!-- sql=[INSERT INTO `booking`( `name`, `contact`, `date_in`, `date_out`, `room_id`) VALUES ('ad','12as,'','11/11/2021','1636758000','1')] --> 
11.11.2021 11:37:04 <!-- sql=[INSERT INTO `booking`( `name`, `contact`, `date_in`, `date_out`, `room_id`) VALUES ('ad','12as,'','11/12/2021','1637362800','1')] --> 
11.11.2021 11:37:58 <!-- sql=[INSERT INTO `booking`( `name`, `contact`, `date_in`, `date_out`, `room_id`) VALUES ('ad','12as,'','11/13/2021','1636671600','3')] --> 
11.11.2021 11:38:50 <!-- sql=[INSERT INTO `booking`( `name`, `contact`, `date_in`, `date_out`, `room_id`) VALUES ('ad','12as,'','11/20/2021','11/06/2021','1')] --> 
11.11.2021 11:40:14 <!-- sql=[INSERT INTO `booking`( `name`, `contact`, `date_in`, `date_out`, `room_id`) VALUES ('ad','12as,'11/12/2021','11/20/2021','1')] --> 
11.11.2021 11:41:42 <!-- sql=[INSERT INTO `booking`( `name`, `contact`, `date_in`, `date_out`, `room_id`) VALUES ('ad','12as','11/06/2021','11/20/2021','1')] --> 
11.11.2021 11:42:12 <!-- sql=[INSERT INTO `booking`( `name`, `contact`, `date_in`, `date_out`, `room_id`) VALUES ('ginag','123123','11/13/2021','2021-11-12','1')] --> 
11.11.2021 12:03:15 <!-- sql=[INSERT INTO `booking`( `name`, `contact`, `date_in`, `date_out`, `room_id`) VALUES ('giang','56789','11/13/2021','11/18/2021','1')] --> 
11.11.2021 12:10:37 <!-- sql=[INSERT INTO `booking`( `name`, `contact`, `date_in`, `date_out`, `room_id`) VALUES ('qưe','3123','11/13/2021','11/13/2021','1')] --> 
11.11.2021 12:11:28 <!-- sql=[INSERT INTO `booking`( `name`, `contact`, `date_in`, `date_out`, `room_id`) VALUES ('tyu','32626','11/13/2021','11/20/2021','1')] --> 
11.11.2021 12:12:31 <!-- sql=[INSERT INTO `booking`( `name`, `contact`, `date_in`, `date_out`, `room_id`) VALUES ('giang','123','11/11/2021','11/12/2021','1')] --> 
11.11.2021 01:07:07 <!-- sql=[INSERT INTO `booking`( `name`, `contact`, `date_in`, `date_out`, `room_id`) VALUES ('giang','123','11/13/2021','','1')] --> 
11.11.2021 01:08:21 <!-- sql=[INSERT INTO `booking`( `name`, `contact`, `date_in`, `date_out`, `room_id`) VALUES ('giang','12312','11/13/2021','','1')] --> 
11.11.2021 01:09:17 <!-- sql=[INSERT INTO `booking`( `name`, `contact`, `date_in`, `date_out`, `room_id`) VALUES ('giang','12312312','11/19/2021','','1')] --> 
11.11.2021 01:12:22 <!-- sql=[INSERT INTO `booking`( `name`, `contact`, `date_in`, `date_out`, `room_id`) VALUES ('giang','123123','11/20/2021','','1')] --> 
11.11.2021 01:14:20 <!-- sql=[INSERT INTO `booking`( `name`, `contact`, `date_in`, `date_out`, `room_id`) VALUES ('giang','123123','2021-11-13','','1')] --> 
11.11.2021 01:15:55 <!-- sql=[INSERT INTO `booking`( `name`, `contact`, `date_in`, `date_out`, `room_id`) VALUES ('giang','123123','2021-11-12','2021-11-13','1')] --> 
11.11.2021 01:18:16 <!-- sql=[INSERT INTO `booking`( `name`, `contact`, `date_in`, `date_out`, `room_id`) VALUES ('giang','123123','2021-11-11','2021-11-12','1')] --> 
11.11.2021 01:18:50 <!-- sql=[INSERT INTO `booking`( `name`, `contact`, `date_in`, `date_out`, `room_id`) VALUES ('giang','123123','2021-11-11','2021-11-12','1')] --> 
11.11.2021 01:19:37 <!-- sql=[INSERT INTO `booking`( `name`, `contact`, `date_in`, `date_out`, `room_id`) VALUES ('giang','123123','2021-11-11','2021-11-12','1')] --> 
11.11.2021 01:20:02 <!-- sql=[INSERT INTO `booking`( `name`, `contact`, `date_in`, `date_out`, `room_id`) VALUES ('giang','123123','2021-11-11','2021-11-12','1')] --> 
11.11.2021 01:28:14 sql=[select * from checked where ref_no ='3562639714
' ] 
11.11.2021 01:28:26 sql=[select * from checked where ref_no ='955800133
' ] 
11.11.2021 01:28:34 sql=[select * from checked where ref_no ='9668480132
' ] 
11.11.2021 01:36:33 <!-- sql=[INSERT INTO `checked`( `ref_no`, `room_id`, `name`, `contact_no`, `date_in`, `date_out`) VALUES ('5615053826
','1','giang','123123','2021-11-11','2021-11-12')] --> 
11.11.2021 01:41:39 sql=[SELECT * FROM checked where status = 0 order by status desc, id asc ] 
11.11.2021 01:42:57 sql=[SELECT * FROM category ] 
11.11.2021 01:42:57 Khong the select duoc,ERROR=[Table 'quanlyhotel.category' doesn't exist] 
11.11.2021 01:42:57 COUNT=[0] 
11.11.2021 01:42:57 sql=[SELECT * FROM checked where status = 0 order by status desc, id asc ] 
11.11.2021 01:43:18 sql=[SELECT * FROM category ] 
11.11.2021 01:43:18 Khong the select duoc,ERROR=[Table 'quanlyhotel.category' doesn't exist] 
11.11.2021 01:43:18 COUNT=[0] 
11.11.2021 01:43:18 sql=[SELECT * FROM checked where status = 0 order by status desc, id asc ] 
11.11.2021 01:44:03 sql=[SELECT * FROM room_category ] 
11.11.2021 01:44:03 sql=[SELECT * FROM checked where status = 0 order by status desc, id asc ] 
11.11.2021 01:44:07 sql=[select * from room_category ] 
11.11.2021 01:44:07 sql=[select * from rooms ] 
11.11.2021 01:44:07 sql=[select * from room_category ] 
11.11.2021 01:44:07 sql=[select * from rooms ] 
11.11.2021 01:44:07 sql=[select * from checked ] 
11.11.2021 01:44:07 sql=[select * from room_category ] 
11.11.2021 01:44:08 sql=[select * from users ] 
11.11.2021 01:44:09 sql=[select * from room_category ] 
11.11.2021 01:44:09 sql=[select * from rooms ] 
11.11.2021 01:44:09 sql=[select * from room_category ] 
11.11.2021 01:44:10 sql=[select * from room_category ] 
11.11.2021 01:44:10 sql=[select * from rooms ] 
11.11.2021 01:44:10 sql=[select * from checked ] 
11.11.2021 01:44:11 sql=[select * from room_category ] 
11.11.2021 01:44:11 sql=[select * from rooms ] 
11.11.2021 01:44:11 sql=[SELECT * FROM room_category ] 
11.11.2021 01:44:11 sql=[SELECT * FROM checked where status = 0 order by status desc, id asc ] 
11.11.2021 01:44:13 sql=[SELECT * FROM room_category ] 
11.11.2021 01:44:13 sql=[SELECT * FROM checked where status = 0 order by status desc, id asc ] 
11.11.2021 01:44:21 sql=[SELECT * FROM room_category ] 
11.11.2021 01:44:21 sql=[SELECT * FROM checked where status = 0 order by status desc, id asc ] 
11.11.2021 01:44:21 sql=[select * from room_category ] 
11.11.2021 01:44:21 sql=[select * from rooms ] 
11.11.2021 01:44:26 sql=[select * from room_category ] 
11.11.2021 01:44:26 sql=[select * from rooms ] 
11.11.2021 01:44:31 sql=[select * from room_category ] 
11.11.2021 01:44:31 sql=[select * from rooms ] 
11.11.2021 01:44:31 sql=[select * from room_category ] 
11.11.2021 01:44:31 sql=[select * from rooms ] 
11.11.2021 01:44:31 sql=[select * from checked ] 
11.11.2021 01:44:32 sql=[select * from room_category ] 
11.11.2021 01:44:34 sql=[select * from room_category ] 
11.11.2021 01:44:34 sql=[select * from rooms ] 
11.11.2021 01:46:41 sql=[SELECT * FROM room_category ] 
11.11.2021 01:46:41 sql=[SELECT * FROM checked where status = 0 order by status desc, id asc ] 
11.11.2021 01:46:42 sql=[select * from room_category ] 
11.11.2021 01:46:42 sql=[select * from rooms ] 
11.11.2021 01:46:43 sql=[SELECT * FROM room_category ] 
11.11.2021 01:46:43 sql=[SELECT * FROM checked where status = 0 order by status desc, id asc ] 
11.11.2021 01:46:43 sql=[select * from room_category ] 
11.11.2021 01:46:43 sql=[select * from rooms ] 
11.11.2021 01:46:44 sql=[select * from room_category ] 
11.11.2021 01:46:44 sql=[select * from rooms ] 
11.11.2021 01:46:44 sql=[select * from checked ] 
11.11.2021 01:46:44 sql=[select * from room_category ] 
11.11.2021 01:46:45 sql=[select * from room_category ] 
11.11.2021 01:46:45 sql=[select * from rooms ] 
11.11.2021 01:46:45 sql=[select * from checked ] 
11.11.2021 01:46:46 sql=[select * from room_category ] 
11.11.2021 01:46:46 sql=[select * from rooms ] 
11.11.2021 01:46:46 sql=[select * from room_category ] 
11.11.2021 01:46:46 sql=[select * from rooms ] 
11.11.2021 01:46:47 sql=[select * from room_category ] 
11.11.2021 01:46:47 sql=[select * from rooms ] 
11.11.2021 01:46:47 sql=[select * from checked ] 
11.11.2021 01:46:56 sql=[SELECT * FROM room_category ] 
11.11.2021 01:46:56 sql=[SELECT * FROM checked where status = 0 order by status desc, id asc ] 
11.11.2021 01:46:57 sql=[select * from room_category ] 
11.11.2021 01:46:57 sql=[select * from rooms ] 
11.11.2021 01:46:57 sql=[select * from room_category ] 
11.11.2021 01:46:57 sql=[select * from rooms ] 
11.11.2021 01:46:57 sql=[select * from checked ] 
11.11.2021 01:46:58 sql=[select * from room_category ] 
11.11.2021 01:47:01 sql=[select * from room_category ] 
11.11.2021 01:47:01 sql=[select * from rooms ] 
11.11.2021 01:47:03 sql=[select * from room_category ] 
11.11.2021 01:47:03 sql=[select * from rooms ] 
11.11.2021 01:47:03 sql=[select * from users ] 
11.11.2021 01:47:23 sql=[SELECT * FROM room_category ] 
11.11.2021 01:47:23 sql=[SELECT * FROM checked where status = 0 order by status desc, id asc ] 
11.11.2021 01:51:55 sql=[SELECT * FROM room_category ] 
11.11.2021 01:51:55 sql=[SELECT * FROM checked where status = 0 order by status desc, id asc ] 
11.11.2021 01:51:59 sql=[SELECT * FROM room_category ] 
11.11.2021 01:51:59 sql=[SELECT * FROM checked where status = 0 order by status desc, id asc ] 
11.11.2021 01:52:00 sql=[select * from room_category ] 
11.11.2021 01:52:00 sql=[select * from rooms ] 
11.11.2021 01:52:03 sql=[SELECT * FROM room_category ] 
11.11.2021 01:52:03 sql=[SELECT * FROM checked where status = 0 order by status desc, id asc ] 
11.11.2021 01:56:27 sql=[SELECT * FROM room_category ] 
11.11.2021 01:56:27 sql=[SELECT * FROM checked where status = 0 order by status desc, id asc ] 
11.11.2021 01:57:11 sql=[SELECT * FROM room_category ] 
11.11.2021 01:57:11 sql=[SELECT * FROM checked where status = 0 order by status desc, id asc ] 
11.11.2021 01:57:50 <!-- sql=[INSERT INTO `checked`( `ref_no`, `room_id`, `name`, `contact_no`, `date_in`, `date_out`) VALUES ('9065279581
','4','hoang','0132356','2021-11-11','1970-01-01')] --> 
11.11.2021 01:58:36 <!-- sql=[INSERT INTO `checked`( `ref_no`, `room_id`, `name`, `contact_no`, `date_in`, `date_out`) VALUES ('621615666
','1','giang','123123','2021-11-12','2021-11-20')] --> 
11.11.2021 01:58:50 sql=[SELECT * FROM room_category ] 
11.11.2021 01:58:50 sql=[SELECT * FROM checked where status = 0 order by status desc, id asc ] 
11.11.2021 01:59:47 sql=[SELECT * FROM room_category ] 
11.11.2021 01:59:47 sql=[SELECT * FROM checked where status = 0 order by status desc, id asc ] 
11.11.2021 02:02:20 sql=[SELECT * FROM room_category ] 
11.11.2021 02:02:20 sql=[SELECT * FROM checked where status = 0 order by status desc, id asc ] 
11.11.2021 02:03:53 sql=[SELECT * FROM room_category ] 
11.11.2021 02:03:53 sql=[SELECT * FROM checked where status = 0 order by status desc, id asc ] 
11.11.2021 02:03:54 sql=[select * from room_category ] 
11.11.2021 02:03:54 sql=[select * from rooms ] 
11.11.2021 02:03:55 sql=[SELECT * FROM room_category ] 
11.11.2021 02:03:55 sql=[SELECT * FROM checked where status = 0 order by status desc, id asc ] 
11.11.2021 02:03:55 sql=[select * from room_category ] 
11.11.2021 02:03:55 sql=[select * from rooms ] 
11.11.2021 02:03:56 sql=[select * from room_category ] 
11.11.2021 02:03:56 sql=[select * from rooms ] 
11.11.2021 02:03:56 sql=[select * from checked ] 
11.11.2021 02:03:56 sql=[select * from room_category ] 
11.11.2021 02:03:57 sql=[select * from room_category ] 
11.11.2021 02:03:57 sql=[select * from rooms ] 
11.11.2021 02:03:57 sql=[select * from users ] 
11.11.2021 02:03:58 sql=[select * from room_category ] 
11.11.2021 02:03:58 sql=[select * from rooms ] 
11.11.2021 02:03:58 sql=[select * from room_category ] 
11.11.2021 02:03:59 sql=[select * from room_category ] 
11.11.2021 02:03:59 sql=[select * from rooms ] 
11.11.2021 02:03:59 sql=[select * from checked ] 
11.11.2021 02:04:00 sql=[select * from room_category ] 
11.11.2021 02:04:00 sql=[select * from rooms ] 
11.11.2021 02:04:13 sql=[select * from room_category ] 
11.11.2021 02:04:13 sql=[select * from rooms ] 
11.11.2021 02:04:13 sql=[select * from room_category ] 
11.11.2021 02:04:13 sql=[select * from rooms ] 
11.11.2021 02:04:13 sql=[select * from checked ] 
11.11.2021 02:04:15 sql=[select * from room_category ] 
11.11.2021 02:04:17 sql=[select * from users ] 
11.11.2021 02:04:17 sql=[select * from room_category ] 
11.11.2021 02:04:17 sql=[select * from rooms ] 
